This file contains any messages produced by compilers while
running configure, to aid debugging if configure makes a mistake.

It was created by smc configure 1.9, which was
generated by GNU Autoconf 2.63.  Invocation command line was

  $ ./configure 

## --------- ##
## Platform. ##
## --------- ##

hostname = gan-eden
uname -m = x86_64
uname -r = 2.6.38-8-generic
uname -s = Linux
uname -v = #42-Ubuntu SMP Mon Apr 11 03:31:24 UTC 2011

/usr/bin/uname -p = unknown
/bin/uname -X     = unknown

/bin/arch              = unknown
/usr/bin/arch -k       = unknown
/usr/convex/getsysinfo = unknown
/usr/bin/hostinfo      = unknown
/bin/machine           = unknown
/usr/bin/oslevel       = unknown
/bin/universe          = unknown

PATH: /usr/local/sbin
PATH: /usr/local/bin
PATH: /usr/sbin
PATH: /usr/bin
PATH: /sbin
PATH: /bin
PATH: /usr/games


## ----------- ##
## Core tests. ##
## ----------- ##

configure:1942: checking build system type
configure:1960: result: x86_64-unknown-linux-gnu
configure:1982: checking host system type
configure:1997: result: x86_64-unknown-linux-gnu
configure:2019: checking target system type
configure:2034: result: x86_64-unknown-linux-gnu
configure:2080: checking for a BSD-compatible install
configure:2148: result: /usr/bin/install -c
configure:2159: checking whether build environment is sane
configure:2219: result: yes
configure:2360: checking for a thread-safe mkdir -p
configure:2399: result: /bin/mkdir -p
configure:2412: checking for gawk
configure:2442: result: no
configure:2412: checking for mawk
configure:2428: found /usr/bin/mawk
configure:2439: result: mawk
configure:2450: checking whether make sets $(MAKE)
configure:2472: result: yes
configure:2615: checking for g++
configure:2631: found /usr/bin/g++
configure:2642: result: g++
configure:2669: checking for C++ compiler version
configure:2677: g++ --version >&5
g++ (Ubuntu/Linaro 4.5.2-8ubuntu4) 4.5.2
Copyright (C) 2010 Free Software Foundation, Inc.
This is free software; see the source for copying conditions.  There is NO
warranty; not even for MERCHANTABILITY or FITNESS FOR A PARTICULAR PURPOSE.

configure:2681: $? = 0
configure:2688: g++ -v >&5
Using built-in specs.
COLLECT_GCC=g++
COLLECT_LTO_WRAPPER=/usr/lib/x86_64-linux-gnu/gcc/x86_64-linux-gnu/4.5.2/lto-wrapper
Target: x86_64-linux-gnu
Configured with: ../src/configure -v --with-pkgversion='Ubuntu/Linaro 4.5.2-8ubuntu4' --with-bugurl=file:///usr/share/doc/gcc-4.5/README.Bugs --enable-languages=c,c++,fortran,objc,obj-c++ --prefix=/usr --program-suffix=-4.5 --enable-shared --enable-multiarch --with-multiarch-defaults=x86_64-linux-gnu --enable-linker-build-id --with-system-zlib --libexecdir=/usr/lib/x86_64-linux-gnu --without-included-gettext --enable-threads=posix --with-gxx-include-dir=/usr/include/c++/4.5 --libdir=/usr/lib/x86_64-linux-gnu --enable-nls --with-sysroot=/ --enable-clocale=gnu --enable-libstdcxx-debug --enable-libstdcxx-time=yes --enable-plugin --enable-gold --enable-ld=default --with-plugin-ld=ld.gold --enable-objc-gc --disable-werror --with-arch-32=i686 --with-tune=generic --enable-checking=release --build=x86_64-linux-gnu --host=x86_64-linux-gnu --target=x86_64-linux-gnu
Thread model: posix
gcc version 4.5.2 (Ubuntu/Linaro 4.5.2-8ubuntu4) 
configure:2692: $? = 0
configure:2699: g++ -V >&5
g++: '-V' option must have argument
configure:2703: $? = 1
configure:2726: checking for C++ compiler default output file name
configure:2748: g++    conftest.cpp  >&5
configure:2752: $? = 0
configure:2790: result: a.out
configure:2809: checking whether the C++ compiler works
configure:2819: ./a.out
configure:2823: $? = 0
configure:2842: result: yes
configure:2849: checking whether we are cross compiling
configure:2851: result: no
configure:2854: checking for suffix of executables
configure:2861: g++ -o conftest    conftest.cpp  >&5
configure:2865: $? = 0
configure:2891: result: 
configure:2897: checking for suffix of object files
configure:2923: g++ -c   conftest.cpp >&5
configure:2927: $? = 0
configure:2952: result: o
configure:2956: checking whether we are using the GNU C++ compiler
configure:2985: g++ -c   conftest.cpp >&5
configure:2992: $? = 0
configure:3009: result: yes
configure:3018: checking whether g++ accepts -g
configure:3048: g++ -c -g  conftest.cpp >&5
configure:3055: $? = 0
configure:3156: result: yes
configure:3190: checking for style of include used by make
configure:3218: result: GNU
configure:3243: checking dependency style of g++
configure:3353: result: gcc3
configure:3380: checking for main in -lboost_filesystem
configure:3409: g++ -o conftest -g -O2   conftest.cpp -lboost_filesystem   >&5
configure:3416: $? = 0
configure:3437: result: yes
configure:3462: checking for main in -lGL
configure:3491: g++ -o conftest -g -O2   conftest.cpp -lGL  -lboost_filesystem  >&5
configure:3498: $? = 0
configure:3519: result: yes
configure:3533: checking for main in -lGLU
configure:3562: g++ -o conftest -g -O2   conftest.cpp -lGLU  -lGL -lboost_filesystem  >&5
configure:3569: $? = 0
configure:3590: result: yes
configure:3661: checking for pkg-config
configure:3679: found /usr/bin/pkg-config
configure:3691: result: /usr/bin/pkg-config
configure:3716: checking pkg-config is at least version 0.9.0
configure:3719: result: yes
configure:3730: checking for SDL
configure:3737: $PKG_CONFIG --exists --print-errors "sdl >= 1.2.10"
configure:3740: $? = 0
configure:3753: $PKG_CONFIG --exists --print-errors "sdl >= 1.2.10"
configure:3756: $? = 0
configure:3833: result: yes
configure:3842: checking for png_init_io in -lpng
configure:3877: g++ -o conftest -g -O2  -D_GNU_SOURCE=1 -D_REENTRANT -I/usr/include/SDL    conftest.cpp -lpng  -lGLU -lGL -lboost_filesystem  -lSDL   >&5
configure:3884: $? = 0
configure:3905: result: yes
configure:3923: checking for IMG_LoadPNG_RW in -lSDL_image
configure:3958: g++ -o conftest -g -O2  -D_GNU_SOURCE=1 -D_REENTRANT -I/usr/include/SDL    conftest.cpp -lSDL_image  -lpng -lGLU -lGL -lboost_filesystem  -lSDL   >&5
configure:3965: $? = 0
configure:3986: result: yes
configure:4004: checking for Mix_OpenAudio in -lSDL_mixer
configure:4039: g++ -o conftest -g -O2  -D_GNU_SOURCE=1 -D_REENTRANT -I/usr/include/SDL    conftest.cpp -lSDL_mixer  -lSDL_image -lpng -lGLU -lGL -lboost_filesystem  -lSDL   >&5
configure:4046: $? = 0
configure:4067: result: yes
configure:4085: checking for TTF_Init in -lSDL_ttf
configure:4120: g++ -o conftest -g -O2  -D_GNU_SOURCE=1 -D_REENTRANT -I/usr/include/SDL    conftest.cpp -lSDL_ttf  -lSDL_mixer -lSDL_image -lpng -lGLU -lGL -lboost_filesystem  -lSDL   >&5
configure:4127: $? = 0
configure:4148: result: yes
configure:4167: checking for CEGUI
configure:4174: $PKG_CONFIG --exists --print-errors "CEGUI-OPENGL >= 0.5.0"
configure:4177: $? = 0
configure:4190: $PKG_CONFIG --exists --print-errors "CEGUI-OPENGL >= 0.5.0"
configure:4193: $? = 0
configure:4270: result: yes
configure:4279: checking whether NLS is requested
configure:4288: result: yes
configure:4329: checking for msgfmt
configure: trying /usr/bin/msgfmt...
0 translated messages.
configure:4361: result: /usr/bin/msgfmt
configure:4370: checking for gmsgfmt
configure:4401: result: /usr/bin/msgfmt
configure:4452: checking for xgettext
configure: trying /usr/bin/xgettext...
/usr/bin/xgettext: warning: file `/dev/null' extension `' is unknown; will try C
configure:4484: result: /usr/bin/xgettext
configure:4530: checking for msgmerge
configure: trying /usr/bin/msgmerge...
configure:4561: result: /usr/bin/msgmerge
configure:4642: checking for gcc
configure:4658: found /usr/bin/gcc
configure:4669: result: gcc
configure:4901: checking for C compiler version
configure:4909: gcc --version >&5
gcc (Ubuntu/Linaro 4.5.2-8ubuntu4) 4.5.2
Copyright (C) 2010 Free Software Foundation, Inc.
This is free software; see the source for copying conditions.  There is NO
warranty; not even for MERCHANTABILITY or FITNESS FOR A PARTICULAR PURPOSE.

configure:4913: $? = 0
configure:4920: gcc -v >&5
Using built-in specs.
COLLECT_GCC=gcc
COLLECT_LTO_WRAPPER=/usr/lib/x86_64-linux-gnu/gcc/x86_64-linux-gnu/4.5.2/lto-wrapper
Target: x86_64-linux-gnu
Configured with: ../src/configure -v --with-pkgversion='Ubuntu/Linaro 4.5.2-8ubuntu4' --with-bugurl=file:///usr/share/doc/gcc-4.5/README.Bugs --enable-languages=c,c++,fortran,objc,obj-c++ --prefix=/usr --program-suffix=-4.5 --enable-shared --enable-multiarch --with-multiarch-defaults=x86_64-linux-gnu --enable-linker-build-id --with-system-zlib --libexecdir=/usr/lib/x86_64-linux-gnu --without-included-gettext --enable-threads=posix --with-gxx-include-dir=/usr/include/c++/4.5 --libdir=/usr/lib/x86_64-linux-gnu --enable-nls --with-sysroot=/ --enable-clocale=gnu --enable-libstdcxx-debug --enable-libstdcxx-time=yes --enable-plugin --enable-gold --enable-ld=default --with-plugin-ld=ld.gold --enable-objc-gc --disable-werror --with-arch-32=i686 --with-tune=generic --enable-checking=release --build=x86_64-linux-gnu --host=x86_64-linux-gnu --target=x86_64-linux-gnu
Thread model: posix
gcc version 4.5.2 (Ubuntu/Linaro 4.5.2-8ubuntu4) 
configure:4924: $? = 0
configure:4931: gcc -V >&5
gcc: '-V' option must have argument
configure:4935: $? = 1
configure:4938: checking whether we are using the GNU C compiler
configure:4967: gcc -c   -D_GNU_SOURCE=1 -D_REENTRANT -I/usr/include/SDL   -I/usr/include/CEGUI   conftest.c >&5
configure:4974: $? = 0
configure:4991: result: yes
configure:5000: checking whether gcc accepts -g
configure:5030: gcc -c -g  -D_GNU_SOURCE=1 -D_REENTRANT -I/usr/include/SDL   -I/usr/include/CEGUI   conftest.c >&5
configure:5037: $? = 0
configure:5138: result: yes
configure:5155: checking for gcc option to accept ISO C89
configure:5229: gcc  -c -g -O2  -D_GNU_SOURCE=1 -D_REENTRANT -I/usr/include/SDL   -I/usr/include/CEGUI   conftest.c >&5
configure:5236: $? = 0
configure:5259: result: none needed
configure:5279: checking dependency style of gcc
configure:5389: result: gcc3
configure:5428: checking for ld used by GCC
configure:5492: result: /usr/bin/ld
configure:5501: checking if the linker (/usr/bin/ld) is GNU ld
configure:5514: result: yes
configure:5521: checking for shared library run path origin
configure:5534: result: done
configure:6035: checking for CFPreferencesCopyAppValue
configure:6063: g++ -o conftest -g -O2  -D_GNU_SOURCE=1 -D_REENTRANT -I/usr/include/SDL   -I/usr/include/CEGUI    conftest.cpp -lSDL_ttf -lSDL_mixer -lSDL_image -lpng -lGLU -lGL -lboost_filesystem  -lSDL   -lCEGUIBase -lCEGUIOpenGLRenderer   -Wl,-framework -Wl,CoreFoundation >&5
conftest.cpp:17:42: fatal error: CoreFoundation/CFPreferences.h: No such file or directory
compilation terminated.
configure:6070: $? = 1
configure: failed program was:
| /* confdefs.h.  */
| #define PACKAGE_NAME "smc"
| #define PACKAGE_TARNAME "smc"
| #define PACKAGE_VERSION "1.9"
| #define PACKAGE_STRING "smc 1.9"
| #define PACKAGE_BUGREPORT ""
| #define PACKAGE "smc"
| #define VERSION "1.9"
| #define HAVE_LIBBOOST_FILESYSTEM 1
| #define HAVE_LIBGL 1
| #define HAVE_LIBGLU 1
| #define HAVE_LIBPNG 1
| #define HAVE_LIBSDL_IMAGE 1
| #define HAVE_LIBSDL_MIXER 1
| #define HAVE_LIBSDL_TTF 1
| /* end confdefs.h.  */
| #include <CoreFoundation/CFPreferences.h>
| int
| main ()
| {
| CFPreferencesCopyAppValue(NULL, NULL)
|   ;
|   return 0;
| }
configure:6091: result: no
configure:6100: checking for CFLocaleCopyCurrent
configure:6128: g++ -o conftest -g -O2  -D_GNU_SOURCE=1 -D_REENTRANT -I/usr/include/SDL   -I/usr/include/CEGUI    conftest.cpp -lSDL_ttf -lSDL_mixer -lSDL_image -lpng -lGLU -lGL -lboost_filesystem  -lSDL   -lCEGUIBase -lCEGUIOpenGLRenderer   -Wl,-framework -Wl,CoreFoundation >&5
conftest.cpp:17:37: fatal error: CoreFoundation/CFLocale.h: No such file or directory
compilation terminated.
configure:6135: $? = 1
configure: failed program was:
| /* confdefs.h.  */
| #define PACKAGE_NAME "smc"
| #define PACKAGE_TARNAME "smc"
| #define PACKAGE_VERSION "1.9"
| #define PACKAGE_STRING "smc 1.9"
| #define PACKAGE_BUGREPORT ""
| #define PACKAGE "smc"
| #define VERSION "1.9"
| #define HAVE_LIBBOOST_FILESYSTEM 1
| #define HAVE_LIBGL 1
| #define HAVE_LIBGLU 1
| #define HAVE_LIBPNG 1
| #define HAVE_LIBSDL_IMAGE 1
| #define HAVE_LIBSDL_MIXER 1
| #define HAVE_LIBSDL_TTF 1
| /* end confdefs.h.  */
| #include <CoreFoundation/CFLocale.h>
| int
| main ()
| {
| CFLocaleCopyCurrent();
|   ;
|   return 0;
| }
configure:6156: result: no
configure:6207: checking for GNU gettext in libc
configure:6237: g++ -o conftest -g -O2  -D_GNU_SOURCE=1 -D_REENTRANT -I/usr/include/SDL   -I/usr/include/CEGUI    conftest.cpp -lSDL_ttf -lSDL_mixer -lSDL_image -lpng -lGLU -lGL -lboost_filesystem  -lSDL   -lCEGUIBase -lCEGUIOpenGLRenderer   >&5
configure:6244: $? = 0
configure:6266: result: yes
configure:7170: checking whether to use NLS
configure:7172: result: yes
configure:7175: checking where the gettext function comes from
configure:7186: result: libc
configure:7255: checking how to run the C++ preprocessor
configure:7291: g++ -E  -D_GNU_SOURCE=1 -D_REENTRANT -I/usr/include/SDL   -I/usr/include/CEGUI   conftest.cpp
configure:7298: $? = 0
configure:7329: g++ -E  -D_GNU_SOURCE=1 -D_REENTRANT -I/usr/include/SDL   -I/usr/include/CEGUI   conftest.cpp
conftest.cpp:20:28: fatal error: ac_nonexistent.h: No such file or directory
compilation terminated.
configure:7336: $? = 1
configure: failed program was:
| /* confdefs.h.  */
| #define PACKAGE_NAME "smc"
| #define PACKAGE_TARNAME "smc"
| #define PACKAGE_VERSION "1.9"
| #define PACKAGE_STRING "smc 1.9"
| #define PACKAGE_BUGREPORT ""
| #define PACKAGE "smc"
| #define VERSION "1.9"
| #define HAVE_LIBBOOST_FILESYSTEM 1
| #define HAVE_LIBGL 1
| #define HAVE_LIBGLU 1
| #define HAVE_LIBPNG 1
| #define HAVE_LIBSDL_IMAGE 1
| #define HAVE_LIBSDL_MIXER 1
| #define HAVE_LIBSDL_TTF 1
| #define ENABLE_NLS 1
| #define HAVE_GETTEXT 1
| #define HAVE_DCGETTEXT 1
| /* end confdefs.h.  */
| #include <ac_nonexistent.h>
configure:7369: result: g++ -E
configure:7398: g++ -E  -D_GNU_SOURCE=1 -D_REENTRANT -I/usr/include/SDL   -I/usr/include/CEGUI   conftest.cpp
configure:7405: $? = 0
configure:7436: g++ -E  -D_GNU_SOURCE=1 -D_REENTRANT -I/usr/include/SDL   -I/usr/include/CEGUI   conftest.cpp
conftest.cpp:20:28: fatal error: ac_nonexistent.h: No such file or directory
compilation terminated.
configure:7443: $? = 1
configure: failed program was:
| /* confdefs.h.  */
| #define PACKAGE_NAME "smc"
| #define PACKAGE_TARNAME "smc"
| #define PACKAGE_VERSION "1.9"
| #define PACKAGE_STRING "smc 1.9"
| #define PACKAGE_BUGREPORT ""
| #define PACKAGE "smc"
| #define VERSION "1.9"
| #define HAVE_LIBBOOST_FILESYSTEM 1
| #define HAVE_LIBGL 1
| #define HAVE_LIBGLU 1
| #define HAVE_LIBPNG 1
| #define HAVE_LIBSDL_IMAGE 1
| #define HAVE_LIBSDL_MIXER 1
| #define HAVE_LIBSDL_TTF 1
| #define ENABLE_NLS 1
| #define HAVE_GETTEXT 1
| #define HAVE_DCGETTEXT 1
| /* end confdefs.h.  */
| #include <ac_nonexistent.h>
configure:7483: checking for grep that handles long lines and -e
configure:7543: result: /bin/grep
configure:7548: checking for egrep
configure:7612: result: /bin/grep -E
configure:7617: checking for ANSI C header files
configure:7647: g++ -c -g -O2  -D_GNU_SOURCE=1 -D_REENTRANT -I/usr/include/SDL   -I/usr/include/CEGUI   conftest.cpp >&5
configure:7654: $? = 0
configure:7753: g++ -o conftest -g -O2  -D_GNU_SOURCE=1 -D_REENTRANT -I/usr/include/SDL   -I/usr/include/CEGUI    conftest.cpp -lSDL_ttf -lSDL_mixer -lSDL_image -lpng -lGLU -lGL -lboost_filesystem  -lSDL   -lCEGUIBase -lCEGUIOpenGLRenderer   >&5
configure:7757: $? = 0
configure:7763: ./conftest
configure:7767: $? = 0
configure:7785: result: yes
configure:7809: checking for sys/types.h
configure:7830: g++ -c -g -O2  -D_GNU_SOURCE=1 -D_REENTRANT -I/usr/include/SDL   -I/usr/include/CEGUI   conftest.cpp >&5
configure:7837: $? = 0
configure:7854: result: yes
configure:7809: checking for sys/stat.h
configure:7830: g++ -c -g -O2  -D_GNU_SOURCE=1 -D_REENTRANT -I/usr/include/SDL   -I/usr/include/CEGUI   conftest.cpp >&5
configure:7837: $? = 0
configure:7854: result: yes
configure:7809: checking for stdlib.h
configure:7830: g++ -c -g -O2  -D_GNU_SOURCE=1 -D_REENTRANT -I/usr/include/SDL   -I/usr/include/CEGUI   conftest.cpp >&5
configure:7837: $? = 0
configure:7854: result: yes
configure:7809: checking for string.h
configure:7830: g++ -c -g -O2  -D_GNU_SOURCE=1 -D_REENTRANT -I/usr/include/SDL   -I/usr/include/CEGUI   conftest.cpp >&5
configure:7837: $? = 0
configure:7854: result: yes
configure:7809: checking for memory.h
configure:7830: g++ -c -g -O2  -D_GNU_SOURCE=1 -D_REENTRANT -I/usr/include/SDL   -I/usr/include/CEGUI   conftest.cpp >&5
configure:7837: $? = 0
configure:7854: result: yes
configure:7809: checking for strings.h
configure:7830: g++ -c -g -O2  -D_GNU_SOURCE=1 -D_REENTRANT -I/usr/include/SDL   -I/usr/include/CEGUI   conftest.cpp >&5
configure:7837: $? = 0
configure:7854: result: yes
configure:7809: checking for inttypes.h
configure:7830: g++ -c -g -O2  -D_GNU_SOURCE=1 -D_REENTRANT -I/usr/include/SDL   -I/usr/include/CEGUI   conftest.cpp >&5
configure:7837: $? = 0
configure:7854: result: yes
configure:7809: checking for stdint.h
configure:7830: g++ -c -g -O2  -D_GNU_SOURCE=1 -D_REENTRANT -I/usr/include/SDL   -I/usr/include/CEGUI   conftest.cpp >&5
configure:7837: $? = 0
configure:7854: result: yes
configure:7809: checking for unistd.h
configure:7830: g++ -c -g -O2  -D_GNU_SOURCE=1 -D_REENTRANT -I/usr/include/SDL   -I/usr/include/CEGUI   conftest.cpp >&5
configure:7837: $? = 0
configure:7854: result: yes
configure:7884: checking SDL.h usability
configure:7901: g++ -c -g -O2  -D_GNU_SOURCE=1 -D_REENTRANT -I/usr/include/SDL   -I/usr/include/CEGUI   conftest.cpp >&5
configure:7908: $? = 0
configure:7922: result: yes
configure:7926: checking SDL.h presence
configure:7941: g++ -E  -D_GNU_SOURCE=1 -D_REENTRANT -I/usr/include/SDL   -I/usr/include/CEGUI   conftest.cpp
configure:7948: $? = 0
configure:7962: result: yes
configure:7990: checking for SDL.h
configure:7999: result: yes
configure:8035: checking SDL_image.h usability
configure:8052: g++ -c -g -O2  -D_GNU_SOURCE=1 -D_REENTRANT -I/usr/include/SDL   -I/usr/include/CEGUI   conftest.cpp >&5
configure:8059: $? = 0
configure:8073: result: yes
configure:8077: checking SDL_image.h presence
configure:8092: g++ -E  -D_GNU_SOURCE=1 -D_REENTRANT -I/usr/include/SDL   -I/usr/include/CEGUI   conftest.cpp
configure:8099: $? = 0
configure:8113: result: yes
configure:8141: checking for SDL_image.h
configure:8150: result: yes
configure:8186: checking SDL_mixer.h usability
configure:8203: g++ -c -g -O2  -D_GNU_SOURCE=1 -D_REENTRANT -I/usr/include/SDL   -I/usr/include/CEGUI   conftest.cpp >&5
configure:8210: $? = 0
configure:8224: result: yes
configure:8228: checking SDL_mixer.h presence
configure:8243: g++ -E  -D_GNU_SOURCE=1 -D_REENTRANT -I/usr/include/SDL   -I/usr/include/CEGUI   conftest.cpp
configure:8250: $? = 0
configure:8264: result: yes
configure:8292: checking for SDL_mixer.h
configure:8301: result: yes
configure:8337: checking SDL_ttf.h usability
configure:8354: g++ -c -g -O2  -D_GNU_SOURCE=1 -D_REENTRANT -I/usr/include/SDL   -I/usr/include/CEGUI   conftest.cpp >&5
configure:8361: $? = 0
configure:8375: result: yes
configure:8379: checking SDL_ttf.h presence
configure:8394: g++ -E  -D_GNU_SOURCE=1 -D_REENTRANT -I/usr/include/SDL   -I/usr/include/CEGUI   conftest.cpp
configure:8401: $? = 0
configure:8415: result: yes
configure:8443: checking for SDL_ttf.h
configure:8452: result: yes
configure:8636: creating ./config.status

## ---------------------- ##
## Running config.status. ##
## ---------------------- ##

This file was extended by smc config.status 1.9, which was
generated by GNU Autoconf 2.63.  Invocation command line was

  CONFIG_FILES    = 
  CONFIG_HEADERS  = 
  CONFIG_LINKS    = 
  CONFIG_COMMANDS = 
  $ ./config.status 

on gan-eden

config.status:837: creating Makefile
config.status:837: creating src/Makefile
config.status:837: creating data/Makefile
config.status:837: creating config.h
config.status:1059: config.h is unchanged
config.status:1111: executing depfiles commands
config.status:1111: executing po-directories commands

## ---------------- ##
## Cache variables. ##
## ---------------- ##

ac_cv_build=x86_64-unknown-linux-gnu
ac_cv_c_compiler_gnu=yes
ac_cv_cxx_compiler_gnu=yes
ac_cv_env_CCC_set=
ac_cv_env_CCC_value=
ac_cv_env_CC_set=
ac_cv_env_CC_value=
ac_cv_env_CEGUI_CFLAGS_set=
ac_cv_env_CEGUI_CFLAGS_value=
ac_cv_env_CEGUI_LIBS_set=
ac_cv_env_CEGUI_LIBS_value=
ac_cv_env_CFLAGS_set=
ac_cv_env_CFLAGS_value=
ac_cv_env_CPPFLAGS_set=
ac_cv_env_CPPFLAGS_value=
ac_cv_env_CXXCPP_set=
ac_cv_env_CXXCPP_value=
ac_cv_env_CXXFLAGS_set=
ac_cv_env_CXXFLAGS_value=
ac_cv_env_CXX_set=
ac_cv_env_CXX_value=
ac_cv_env_LDFLAGS_set=
ac_cv_env_LDFLAGS_value=
ac_cv_env_LIBS_set=
ac_cv_env_LIBS_value=
ac_cv_env_PKG_CONFIG_set=
ac_cv_env_PKG_CONFIG_value=
ac_cv_env_SDL_CFLAGS_set=
ac_cv_env_SDL_CFLAGS_value=
ac_cv_env_SDL_LIBS_set=
ac_cv_env_SDL_LIBS_value=
ac_cv_env_build_alias_set=
ac_cv_env_build_alias_value=
ac_cv_env_host_alias_set=
ac_cv_env_host_alias_value=
ac_cv_env_target_alias_set=
ac_cv_env_target_alias_value=
ac_cv_header_SDL_h=yes
ac_cv_header_SDL_image_h=yes
ac_cv_header_SDL_mixer_h=yes
ac_cv_header_SDL_ttf_h=yes
ac_cv_header_inttypes_h=yes
ac_cv_header_memory_h=yes
ac_cv_header_stdc=yes
ac_cv_header_stdint_h=yes
ac_cv_header_stdlib_h=yes
ac_cv_header_string_h=yes
ac_cv_header_strings_h=yes
ac_cv_header_sys_stat_h=yes
ac_cv_header_sys_types_h=yes
ac_cv_header_unistd_h=yes
ac_cv_host=x86_64-unknown-linux-gnu
ac_cv_lib_GLU_main=yes
ac_cv_lib_GL_main=yes
ac_cv_lib_SDL_image_IMG_LoadPNG_RW=yes
ac_cv_lib_SDL_mixer_Mix_OpenAudio=yes
ac_cv_lib_SDL_ttf_TTF_Init=yes
ac_cv_lib_boost_filesystem_main=yes
ac_cv_lib_png_png_init_io=yes
ac_cv_objext=o
ac_cv_path_EGREP='/bin/grep -E'
ac_cv_path_GMSGFMT=/usr/bin/msgfmt
ac_cv_path_GREP=/bin/grep
ac_cv_path_MSGFMT=/usr/bin/msgfmt
ac_cv_path_MSGMERGE=/usr/bin/msgmerge
ac_cv_path_XGETTEXT=/usr/bin/xgettext
ac_cv_path_ac_pt_PKG_CONFIG=/usr/bin/pkg-config
ac_cv_path_install='/usr/bin/install -c'
ac_cv_path_mkdir=/bin/mkdir
ac_cv_prog_AWK=mawk
ac_cv_prog_CXXCPP='g++ -E'
ac_cv_prog_ac_ct_CC=gcc
ac_cv_prog_ac_ct_CXX=g++
ac_cv_prog_cc_c89=
ac_cv_prog_cc_g=yes
ac_cv_prog_cxx_g=yes
ac_cv_prog_make_make_set=yes
ac_cv_target=x86_64-unknown-linux-gnu
acl_cv_hardcode_direct=no
acl_cv_hardcode_libdir_flag_spec='${wl}-rpath ${wl}$libdir'
acl_cv_hardcode_libdir_separator=
acl_cv_hardcode_minus_L=no
acl_cv_libext=a
acl_cv_libname_spec='lib$name'
acl_cv_library_names_spec='$libname$shrext'
acl_cv_path_LD=/usr/bin/ld
acl_cv_prog_gnu_ld=yes
acl_cv_rpath=done
acl_cv_shlibext=so
acl_cv_wl=-Wl,
am_cv_CC_dependencies_compiler_type=gcc3
am_cv_CXX_dependencies_compiler_type=gcc3
gt_cv_func_CFLocaleCopyCurrent=no
gt_cv_func_CFPreferencesCopyAppValue=no
gt_cv_func_gnugettext1_libc=yes
pkg_cv_CEGUI_CFLAGS='-I/usr/include/CEGUI  '
pkg_cv_CEGUI_LIBS='-lCEGUIBase -lCEGUIOpenGLRenderer  '
pkg_cv_SDL_CFLAGS='-D_GNU_SOURCE=1 -D_REENTRANT -I/usr/include/SDL  '
pkg_cv_SDL_LIBS='-lSDL  '

## ----------------- ##
## Output variables. ##
## ----------------- ##

ACLOCAL='${SHELL} /home/ren/Desktop/smc-1.9/missing --run aclocal-1.11'
AMDEPBACKSLASH='\'
AMDEP_FALSE='#'
AMDEP_TRUE=''
AMTAR='${SHELL} /home/ren/Desktop/smc-1.9/missing --run tar'
AUTOCONF='${SHELL} /home/ren/Desktop/smc-1.9/missing --run autoconf'
AUTOHEADER='${SHELL} /home/ren/Desktop/smc-1.9/missing --run autoheader'
AUTOMAKE='${SHELL} /home/ren/Desktop/smc-1.9/missing --run automake-1.11'
AWK='mawk'
CC='gcc'
CCDEPMODE='depmode=gcc3'
CEGUI_CFLAGS='-I/usr/include/CEGUI  '
CEGUI_LIBS='-lCEGUIBase -lCEGUIOpenGLRenderer  '
CFLAGS='-g -O2'
CPPFLAGS=' -D_GNU_SOURCE=1 -D_REENTRANT -I/usr/include/SDL   -I/usr/include/CEGUI  '
CXX='g++'
CXXCPP='g++ -E'
CXXDEPMODE='depmode=gcc3'
CXXFLAGS='-g -O2'
CYGPATH_W='echo'
DEFS='-DHAVE_CONFIG_H'
DEPDIR='.deps'
ECHO_C=''
ECHO_N='-n'
ECHO_T=''
EGREP='/bin/grep -E'
EXEEXT=''
GETTEXT_MACRO_VERSION='0.17'
GMSGFMT='/usr/bin/msgfmt'
GMSGFMT_015='/usr/bin/msgfmt'
GREP='/bin/grep'
INSTALL_DATA='${INSTALL} -m 644'
INSTALL_PROGRAM='${INSTALL}'
INSTALL_SCRIPT='${INSTALL}'
INSTALL_STRIP_PROGRAM='$(install_sh) -c -s'
INTLLIBS=''
INTL_MACOSX_LIBS=''
LDFLAGS=''
LIBICONV='-liconv'
LIBINTL=''
LIBOBJS=''
LIBS='-lSDL_ttf -lSDL_mixer -lSDL_image -lpng -lGLU -lGL -lboost_filesystem  -lSDL   -lCEGUIBase -lCEGUIOpenGLRenderer  '
LTLIBICONV='-liconv'
LTLIBINTL=''
LTLIBOBJS=''
MAKEINFO='${SHELL} /home/ren/Desktop/smc-1.9/missing --run makeinfo'
MKDIR_P='/bin/mkdir -p'
MSGFMT='/usr/bin/msgfmt'
MSGFMT_015='/usr/bin/msgfmt'
MSGMERGE='/usr/bin/msgmerge'
OBJEXT='o'
PACKAGE='smc'
PACKAGE_BUGREPORT=''
PACKAGE_NAME='smc'
PACKAGE_STRING='smc 1.9'
PACKAGE_TARNAME='smc'
PACKAGE_VERSION='1.9'
PATH_SEPARATOR=':'
PKG_CONFIG='/usr/bin/pkg-config'
POSUB='po'
RUNINPLACE_FALSE=''
RUNINPLACE_TRUE='#'
SDL_CFLAGS='-D_GNU_SOURCE=1 -D_REENTRANT -I/usr/include/SDL  '
SDL_LIBS='-lSDL  '
SET_MAKE=''
SHELL='/bin/bash'
STRIP=''
USE_NLS='yes'
VERSION='1.9'
XGETTEXT='/usr/bin/xgettext'
XGETTEXT_015='/usr/bin/xgettext'
XGETTEXT_EXTRA_OPTIONS=''
ac_ct_CC='gcc'
ac_ct_CXX='g++'
am__EXEEXT_FALSE=''
am__EXEEXT_TRUE='#'
am__fastdepCC_FALSE='#'
am__fastdepCC_TRUE=''
am__fastdepCXX_FALSE='#'
am__fastdepCXX_TRUE=''
am__include='include'
am__isrc=''
am__leading_dot='.'
am__quote=''
am__tar='${AMTAR} chof - "$$tardir"'
am__untar='${AMTAR} xf -'
bindir='${exec_prefix}/bin'
build='x86_64-unknown-linux-gnu'
build_alias=''
build_cpu='x86_64'
build_os='linux-gnu'
build_vendor='unknown'
datadir='${datarootdir}'
datarootdir='${prefix}/share'
docdir='${datarootdir}/doc/${PACKAGE_TARNAME}'
dvidir='${docdir}'
exec_prefix='${prefix}'
host='x86_64-unknown-linux-gnu'
host_alias=''
host_cpu='x86_64'
host_os='linux-gnu'
host_vendor='unknown'
htmldir='${docdir}'
includedir='${prefix}/include'
infodir='${datarootdir}/info'
install_sh='${SHELL} /home/ren/Desktop/smc-1.9/install-sh'
libdir='${exec_prefix}/lib'
libexecdir='${exec_prefix}/libexec'
localedir='${datarootdir}/locale'
localstatedir='${prefix}/var'
mandir='${datarootdir}/man'
mkdir_p='/bin/mkdir -p'
oldincludedir='/usr/include'
pdfdir='${docdir}'
prefix='/usr/local'
program_transform_name='s,x,x,'
psdir='${docdir}'
sbindir='${exec_prefix}/sbin'
sharedstatedir='${prefix}/com'
sysconfdir='${prefix}/etc'
target='x86_64-unknown-linux-gnu'
target_alias=''
target_cpu='x86_64'
target_os='linux-gnu'
target_vendor='unknown'

## ----------- ##
## confdefs.h. ##
## ----------- ##

#define PACKAGE_NAME "smc"
#define PACKAGE_TARNAME "smc"
#define PACKAGE_VERSION "1.9"
#define PACKAGE_STRING "smc 1.9"
#define PACKAGE_BUGREPORT ""
#define PACKAGE "smc"
#define VERSION "1.9"
#define HAVE_LIBBOOST_FILESYSTEM 1
#define HAVE_LIBGL 1
#define HAVE_LIBGLU 1
#define HAVE_LIBPNG 1
#define HAVE_LIBSDL_IMAGE 1
#define HAVE_LIBSDL_MIXER 1
#define HAVE_LIBSDL_TTF 1
#define ENABLE_NLS 1
#define HAVE_GETTEXT 1
#define HAVE_DCGETTEXT 1
#define STDC_HEADERS 1
#define HAVE_SYS_TYPES_H 1
#define HAVE_SYS_STAT_H 1
#define HAVE_STDLIB_H 1
#define HAVE_STRING_H 1
#define HAVE_MEMORY_H 1
#define HAVE_STRINGS_H 1
#define HAVE_INTTYPES_H 1
#define HAVE_STDINT_H 1
#define HAVE_UNISTD_H 1
#define HAVE_SDL_H 1
#define HAVE_SDL_IMAGE_H 1
#define HAVE_SDL_MIXER_H 1
#define HAVE_SDL_TTF_H 1

configure: exit 0
